0 info it worked if it ends with ok
1 verbose cli [ '/usr/bin/node', '/usr/bin/npm', 'i' ]
2 info using npm@2.15.0
3 info using node@v0.10.44
4 verbose node symlink /usr/bin/node
5 verbose readDependencies loading dependencies from /home/ondra/projects/school/bp/nutforms-example/package.json
6 error install Couldn't read dependencies
7 verbose stack Error: ENOENT, open '/home/ondra/projects/school/bp/nutforms-example/package.json'
8 verbose cwd /home/ondra/projects/school/bp/nutforms-example
9 error Linux 3.13.0-52-generic
10 error argv "/usr/bin/node" "/usr/bin/npm" "i"
11 error node v0.10.44
12 error npm  v2.15.0
13 error path /home/ondra/projects/school/bp/nutforms-example/package.json
14 error code ENOPACKAGEJSON
15 error errno 34
16 error package.json ENOENT, open '/home/ondra/projects/school/bp/nutforms-example/package.json'
16 error package.json This is most likely not a problem with npm itself.
16 error package.json npm can't find a package.json file in your current directory.
17 verbose exit [ 34, true ]
